<?xml version="1.0" encoding="utf-8"?><testsuites name="pytest tests"><testsuite name="pytest" errors="0" failures="0" skipped="0" tests="10" time="1.223" timestamp="2026-06-25T08:08:49.053739+00:00" hostname="agent-env-da708ba6-c9f9-4cdf-b2c5-7720f0a16411"><testcase classname="backend.tests.backend_test.TestHealth" name="test_root" time="0.202" /><testcase classname="backend.tests.backend_test.TestContact" name="test_create_contact_valid" time="0.056" /><testcase classname="backend.tests.backend_test.TestContact" name="test_contact_invalid_email_422" time="0.048" /><testcase classname="backend.tests.backend_test.TestContact" name="test_contact_missing_fields_422" time="0.044" /><testcase classname="backend.tests.backend_test.TestBooking" name="test_create_booking_valid" time="0.045" /><testcase classname="backend.tests.backend_test.TestBooking" name="test_booking_invalid_email_422" time="0.042" /><testcase classname="backend.tests.backend_test.TestNewsletter" name="test_newsletter_subscribe_and_idempotent" time="0.137" /><testcase classname="backend.tests.backend_test.TestNewsletter" name="test_newsletter_invalid_email_422" time="0.046" /><testcase classname="backend.tests.backend_test.TestSubmissionsAndStats" name="test_list_and_filter" time="0.361" /><testcase classname="backend.tests.backend_test.TestSubmissionsAndStats" name="test_stats" time="0.051" /></testsuite></testsuites>